{"logLevel":"debug","message":"multithreading is set to true"}
{"logLevel":"debug","message":"multithreading enabled, number of threads=8"}
{"logLevel":"debug","message":"Using reflection to scan dependencies for gauge implementations..."}
SLF4J: Failed to load class "org.slf4j.impl.StaticLoggerBinder".
SLF4J: Defaulting to no-operation (NOP) logger implementation
SLF4J: See http://www.slf4j.org/codes.html#StaticLoggerBinder for further details.
{"logLevel":"debug","message":"gauge-java took 1325milliseconds to load and scan. This should be less than 'runner_connection_timeout' config value."}
{"logLevel":"debug","message":"run 'gauge config runner_connection_timeout' and verify that it is < 1325"}
{"logLevel":"debug","message":"starting gRPC server..."}
{"logLevel":"debug","message":"started gRPC server on port 63474"}
{"logLevel":"info","message":"Listening on port:63474"}
{"logLevel":"debug","message":"Scanning packages for steps"}
{"logLevel":"debug","message":"Comparing 'implementation.NavigateToSpecificWebSite.goToWebSiteWithUrlInputWebSiteAddress' and 'implementation.NavigateToSpecificWebSite.goToWebSiteWithUrlInputWebSiteAddress'"}
{"logLevel":"debug","message":"Found Go to website with URL {} in current project scope."}
{"logLevel":"debug","message":"Comparing 'org.example.StepImplementation.ensureInstallationInstructionsAreAvailable' and 'org.example.StepImplementation.ensureInstallationInstructionsAreAvailable'"}
{"logLevel":"debug","message":"Found Ensure installation instructions are available in current project scope."}
{"logLevel":"debug","message":"Comparing 'TEST.navigateTo' and 'TEST.navigateTo'"}
{"logLevel":"debug","message":"Found Navigate to {}a in current project scope."}
{"logLevel":"debug","message":"Comparing 'org.example.StepImplementation.gotoGetStartedPage' and 'org.example.StepImplementation.gotoGetStartedPage'"}
{"logLevel":"debug","message":"Found Go to Gauge Get Started Page in current project scope."}
{"logLevel":"debug","message":"Comparing 'implementation.InputValueInSearchTextBox.whenTheInputSearchValueIsInputWithinSearchTextBox' and 'implementation.InputValueInSearchTextBox.whenTheInputSearchValueIsInputWithinSearchTextBox'"}
{"logLevel":"debug","message":"Found When the {} is input within 'Search' text box in current project scope."}
{"logLevel":"debug","message":"Comparing 'org.example.StepImplementation.implementation1' and 'org.example.StepImplementation.implementation1'"}
{"logLevel":"debug","message":"Found Open the Gauge homepage in current project scope."}
{"logLevel":"debug","message":"Scanning packages for hooks"}
{"logLevel":"debug","message":"Scanned steps (using static parsing + reflections): "}
{"logLevel":"debug","message":"\tOpen the Gauge homepage : public void implementation1() throws InterruptedException"}
{"logLevel":"debug","message":"\tGo to Gauge Get Started Page : public void gotoGetStartedPage() throws InterruptedException"}
{"logLevel":"debug","message":"\tNavigate to {}a : public void navigateTo(String url) throws InterruptedException"}
{"logLevel":"debug","message":"\tGo to website with URL {} : public void goToWebSiteWithUrlInputWebSiteAddress(String inputWebSiteAddress) throws InterruptedException"}
{"logLevel":"debug","message":"\tEnsure installation instructions are available : public void ensureInstallationInstructionsAreAvailable() throws InterruptedException"}
{"logLevel":"debug","message":"\tWhen the {} is input within 'Search' text box : public void whenTheInputSearchValueIsInputWithinSearchTextBox(String inputSearchValue) throws InterruptedException"}
Starting ChromeDriver 93.0.4577.63 (ff5c0da2ec0adeaed5550e6c7e98417dac77d98a-refs/branch-heads/4577@{#1135}) on port 35579
Only local connections are allowed.
Please see https://chromedriver.chromium.org/security-considerations for suggestions on keeping ChromeDriver safe.
ChromeDriver was started successfully.
sep. 19, 2021 12:33:28 P. M. org.openqa.selenium.remote.ProtocolHandshake createSession
INFO: Detected dialect: W3C
{"logLevel":"debug","message":"Executing 'Go to website with URL {}' using 'class implementation.NavigateToSpecificWebSite.goToWebSiteWithUrlInputWebSiteAddress"}
{"logLevel":"debug","message":"Executing 'When the {} is input within 'Search' text box' using 'class implementation.InputValueInSearchTextBox.whenTheInputSearchValueIsInputWithinSearchTextBox"}
{"logLevel":"debug","message":"Killing Java runner..."}
{"logLevel":"debug","message":"Stopping execution pool..."}
{"logLevel":"debug","message":"Shutting down grpc server..."}
{"logLevel":"debug","message":"Runner killed gracefully."}
